{"C:\\Projects\\NodeNotes\\source\\api\\v1\\auth\\jwt\\TokenGenerator.ts": {"path":"C:\\Projects\\NodeNotes\\source\\api\\v1\\auth\\jwt\\TokenGenerator.ts","statementMap":{"0":{"start":{"line":1,"column":0},"end":{"line":1,"column":35}},"1":{"start":{"line":2,"column":0},"end":{"line":2,"column":64}},"2":{"start":{"line":4,"column":29},"end":{"line":6,"column":1}},"3":{"start":{"line":5,"column":4},"end":{"line":5,"column":null}},"4":{"start":{"line":4,"column":13},"end":{"line":4,"column":29}}},"fnMap":{"0":{"name":"(anonymous_6)","decl":{"start":{"line":4,"column":29},"end":{"line":4,"column":30}},"loc":{"start":{"line":4,"column":55},"end":{"line":6,"column":1}}}},"branchMap":{},"s":{"0":2,"1":2,"2":2,"3":4,"4":2},"f":{"0":4},"b":{}}
,"C:\\Projects\\NodeNotes\\source\\api\\v1\\services\\auth\\AuthService.ts": {"path":"C:\\Projects\\NodeNotes\\source\\api\\v1\\services\\auth\\AuthService.ts","statementMap":{"0":{"start":{"line":1,"column":0},"end":{"line":1,"column":62}},"1":{"start":{"line":2,"column":0},"end":{"line":2,"column":73}},"2":{"start":{"line":4,"column":0},"end":{"line":4,"column":65}},"3":{"start":{"line":5,"column":0},"end":{"line":5,"column":27}},"4":{"start":{"line":6,"column":0},"end":{"line":6,"column":73}},"5":{"start":{"line":8,"column":0},"end":{"line":8,"column":80}},"6":{"start":{"line":9,"column":0},"end":{"line":9,"column":71}},"7":{"start":{"line":14,"column":16},"end":{"line":14,"column":43}},"8":{"start":{"line":15,"column":16},"end":{"line":15,"column":38}},"9":{"start":{"line":21,"column":26},"end":{"line":21,"column":73}},"10":{"start":{"line":22,"column":8},"end":{"line":27,"column":9}},"11":{"start":{"line":23,"column":12},"end":{"line":25,"column":13}},"12":{"start":{"line":24,"column":16},"end":{"line":24,"column":null}},"13":{"start":{"line":26,"column":12},"end":{"line":26,"column":null}},"14":{"start":{"line":29,"column":32},"end":{"line":29,"column":82}},"15":{"start":{"line":30,"column":8},"end":{"line":32,"column":9}},"16":{"start":{"line":31,"column":12},"end":{"line":31,"column":null}},"17":{"start":{"line":34,"column":22},"end":{"line":34,"column":52}},"18":{"start":{"line":35,"column":8},"end":{"line":35,"column":null}},"19":{"start":{"line":38,"column":8},"end":{"line":41,"column":null}},"20":{"start":{"line":48,"column":27},"end":{"line":48,"column":54}},"21":{"start":{"line":49,"column":8},"end":{"line":51,"column":9}},"22":{"start":{"line":50,"column":12},"end":{"line":50,"column":null}},"23":{"start":{"line":53,"column":8},"end":{"line":53,"column":14}},"24":{"start":{"line":59,"column":26},"end":{"line":59,"column":73}},"25":{"start":{"line":60,"column":8},"end":{"line":65,"column":9}},"26":{"start":{"line":61,"column":12},"end":{"line":63,"column":13}},"27":{"start":{"line":62,"column":16},"end":{"line":62,"column":null}},"28":{"start":{"line":64,"column":12},"end":{"line":64,"column":null}},"29":{"start":{"line":67,"column":32},"end":{"line":67,"column":85}},"30":{"start":{"line":68,"column":8},"end":{"line":70,"column":9}},"31":{"start":{"line":69,"column":12},"end":{"line":69,"column":null}},"32":{"start":{"line":71,"column":8},"end":{"line":73,"column":9}},"33":{"start":{"line":72,"column":12},"end":{"line":72,"column":null}},"34":{"start":{"line":75,"column":34},"end":{"line":75,"column":67}},"35":{"start":{"line":76,"column":8},"end":{"line":78,"column":null}},"36":{"start":{"line":81,"column":8},"end":{"line":81,"column":null}},"37":{"start":{"line":83,"column":8},"end":{"line":83,"column":null}},"38":{"start":{"line":12,"column":0},"end":{"line":12,"column":13}},"39":{"start":{"line":19,"column":17},"end":{"line":42,"column":null}},"40":{"start":{"line":46,"column":17},"end":{"line":55,"column":null}},"41":{"start":{"line":58,"column":17},"end":{"line":85,"column":null}}},"fnMap":{"0":{"name":"(anonymous_3)","decl":{"start":{"line":13,"column":4},"end":{"line":13,"column":null}},"loc":{"start":{"line":15,"column":38},"end":{"line":16,"column":8}}},"1":{"name":"(anonymous_4)","decl":{"start":{"line":19,"column":11},"end":{"line":19,"column":16}},"loc":{"start":{"line":19,"column":74},"end":{"line":42,"column":5}}},"2":{"name":"(anonymous_5)","decl":{"start":{"line":46,"column":11},"end":{"line":46,"column":16}},"loc":{"start":{"line":46,"column":76},"end":{"line":55,"column":5}}},"3":{"name":"(anonymous_6)","decl":{"start":{"line":58,"column":11},"end":{"line":58,"column":16}},"loc":{"start":{"line":58,"column":87},"end":{"line":85,"column":5}}}},"branchMap":{"0":{"loc":{"start":{"line":22,"column":8},"end":{"line":27,"column":9}},"type":"if","locations":[{"start":{"line":22,"column":8},"end":{"line":27,"column":9}}]},"1":{"loc":{"start":{"line":23,"column":12},"end":{"line":25,"column":13}},"type":"if","locations":[{"start":{"line":23,"column":12},"end":{"line":25,"column":13}}]},"2":{"loc":{"start":{"line":30,"column":8},"end":{"line":32,"column":9}},"type":"if","locations":[{"start":{"line":30,"column":8},"end":{"line":32,"column":9}}]},"3":{"loc":{"start":{"line":49,"column":8},"end":{"line":51,"column":9}},"type":"if","locations":[{"start":{"line":49,"column":8},"end":{"line":51,"column":9}}]},"4":{"loc":{"start":{"line":49,"column":12},"end":{"line":49,"column":58}},"type":"binary-expr","locations":[{"start":{"line":49,"column":12},"end":{"line":49,"column":23}},{"start":{"line":49,"column":27},"end":{"line":49,"column":58}}]},"5":{"loc":{"start":{"line":60,"column":8},"end":{"line":65,"column":9}},"type":"if","locations":[{"start":{"line":60,"column":8},"end":{"line":65,"column":9}}]},"6":{"loc":{"start":{"line":61,"column":12},"end":{"line":63,"column":13}},"type":"if","locations":[{"start":{"line":61,"column":12},"end":{"line":63,"column":13}}]},"7":{"loc":{"start":{"line":68,"column":8},"end":{"line":70,"column":9}},"type":"if","locations":[{"start":{"line":68,"column":8},"end":{"line":70,"column":9}}]},"8":{"loc":{"start":{"line":71,"column":8},"end":{"line":73,"column":9}},"type":"if","locations":[{"start":{"line":71,"column":8},"end":{"line":73,"column":9}}]}},"s":{"0":1,"1":1,"2":1,"3":1,"4":1,"5":1,"6":1,"7":1,"8":1,"9":3,"10":3,"11":1,"12":1,"13":0,"14":2,"15":2,"16":1,"17":1,"18":1,"19":1,"20":0,"21":0,"22":0,"23":0,"24":4,"25":4,"26":1,"27":1,"28":0,"29":3,"30":3,"31":1,"32":2,"33":1,"34":1,"35":1,"36":1,"37":1,"38":1,"39":1,"40":1,"41":1},"f":{"0":1,"1":3,"2":0,"3":4},"b":{"0":[1],"1":[1],"2":[1],"3":[0],"4":[0,0],"5":[1],"6":[1],"7":[1],"8":[1]}}
,"C:\\Projects\\NodeNotes\\source\\api\\v1\\services\\notes\\NotesService.ts": {"path":"C:\\Projects\\NodeNotes\\source\\api\\v1\\services\\notes\\NotesService.ts","statementMap":{"0":{"start":{"line":14,"column":0},"end":{"line":14,"column":71}},"1":{"start":{"line":16,"column":0},"end":{"line":16,"column":96}},"2":{"start":{"line":17,"column":0},"end":{"line":17,"column":48}},"3":{"start":{"line":18,"column":0},"end":{"line":18,"column":78}},"4":{"start":{"line":19,"column":0},"end":{"line":19,"column":69}},"5":{"start":{"line":24,"column":27},"end":{"line":24,"column":45}},"6":{"start":{"line":25,"column":17},"end":{"line":25,"column":19}},"7":{"start":{"line":26,"column":8},"end":{"line":28,"column":9}},"8":{"start":{"line":26,"column":29},"end":{"line":26,"column":30}},"9":{"start":{"line":27,"column":12},"end":{"line":27,"column":68}},"10":{"start":{"line":29,"column":8},"end":{"line":29,"column":18}},"11":{"start":{"line":33,"column":8},"end":{"line":33,"column":74}},"12":{"start":{"line":33,"column":54},"end":{"line":33,"column":71}},"13":{"start":{"line":37,"column":8},"end":{"line":37,"column":37}},"14":{"start":{"line":41,"column":8},"end":{"line":41,"column":null}},"15":{"start":{"line":45,"column":16},"end":{"line":45,"column":59}},"16":{"start":{"line":46,"column":16},"end":{"line":46,"column":43}},"17":{"start":{"line":57,"column":43},"end":{"line":57,"column":45}},"18":{"start":{"line":59,"column":8},"end":{"line":76,"column":9}},"19":{"start":{"line":61,"column":33},"end":{"line":63,"column":null}},"20":{"start":{"line":65,"column":12},"end":{"line":70,"column":13}},"21":{"start":{"line":66,"column":16},"end":{"line":68,"column":17}},"22":{"start":{"line":67,"column":20},"end":{"line":67,"column":64}},"23":{"start":{"line":69,"column":16},"end":{"line":69,"column":36}},"24":{"start":{"line":71,"column":12},"end":{"line":73,"column":13}},"25":{"start":{"line":72,"column":16},"end":{"line":72,"column":60}},"26":{"start":{"line":75,"column":12},"end":{"line":75,"column":66}},"27":{"start":{"line":78,"column":8},"end":{"line":78,"column":42}},"28":{"start":{"line":84,"column":12},"end":{"line":84,"column":75}},"29":{"start":{"line":85,"column":8},"end":{"line":87,"column":9}},"30":{"start":{"line":86,"column":12},"end":{"line":86,"column":46}},"31":{"start":{"line":89,"column":19},"end":{"line":89,"column":48}},"32":{"start":{"line":90,"column":28},"end":{"line":94,"column":10}},"33":{"start":{"line":96,"column":8},"end":{"line":96,"column":55}},"34":{"start":{"line":101,"column":26},"end":{"line":108,"column":10}},"35":{"start":{"line":110,"column":8},"end":{"line":112,"column":9}},"36":{"start":{"line":111,"column":12},"end":{"line":111,"column":48}},"37":{"start":{"line":114,"column":8},"end":{"line":114,"column":72}},"38":{"start":{"line":119,"column":26},"end":{"line":122,"column":10}},"39":{"start":{"line":123,"column":8},"end":{"line":125,"column":9}},"40":{"start":{"line":124,"column":12},"end":{"line":124,"column":48}},"41":{"start":{"line":127,"column":8},"end":{"line":130,"column":9}},"42":{"start":{"line":128,"column":12},"end":{"line":128,"column":66}},"43":{"start":{"line":129,"column":12},"end":{"line":129,"column":43}},"44":{"start":{"line":133,"column":8},"end":{"line":135,"column":10}},"45":{"start":{"line":134,"column":19},"end":{"line":134,"column":36}},"46":{"start":{"line":136,"column":8},"end":{"line":136,"column":50}},"47":{"start":{"line":138,"column":8},"end":{"line":138,"column":39}},"48":{"start":{"line":143,"column":24},"end":{"line":150,"column":10}},"49":{"start":{"line":152,"column":8},"end":{"line":154,"column":9}},"50":{"start":{"line":153,"column":12},"end":{"line":153,"column":48}},"51":{"start":{"line":156,"column":8},"end":{"line":156,"column":57}},"52":{"start":{"line":157,"column":26},"end":{"line":157,"column":67}},"53":{"start":{"line":159,"column":8},"end":{"line":159,"column":74}},"54":{"start":{"line":167,"column":22},"end":{"line":179,"column":53}},"55":{"start":{"line":181,"column":21},"end":{"line":181,"column":34}},"56":{"start":{"line":182,"column":8},"end":{"line":184,"column":9}},"57":{"start":{"line":183,"column":12},"end":{"line":183,"column":54}},"58":{"start":{"line":186,"column":27},"end":{"line":186,"column":48}},"59":{"start":{"line":187,"column":8},"end":{"line":187,"column":54}},"60":{"start":{"line":195,"column":22},"end":{"line":212,"column":53}},"61":{"start":{"line":214,"column":21},"end":{"line":214,"column":34}},"62":{"start":{"line":215,"column":8},"end":{"line":217,"column":9}},"63":{"start":{"line":216,"column":12},"end":{"line":216,"column":54}},"64":{"start":{"line":219,"column":27},"end":{"line":219,"column":48}},"65":{"start":{"line":220,"column":8},"end":{"line":220,"column":54}},"66":{"start":{"line":225,"column":26},"end":{"line":232,"column":10}},"67":{"start":{"line":234,"column":8},"end":{"line":236,"column":9}},"68":{"start":{"line":235,"column":12},"end":{"line":235,"column":48}},"69":{"start":{"line":238,"column":30},"end":{"line":239,"column":null}},"70":{"start":{"line":239,"column":12},"end":{"line":239,"column":44}},"71":{"start":{"line":241,"column":8},"end":{"line":241,"column":29}},"72":{"start":{"line":250,"column":26},"end":{"line":253,"column":10}},"73":{"start":{"line":255,"column":8},"end":{"line":257,"column":9}},"74":{"start":{"line":256,"column":12},"end":{"line":256,"column":48}},"75":{"start":{"line":258,"column":8},"end":{"line":260,"column":9}},"76":{"start":{"line":259,"column":12},"end":{"line":259,"column":51}},"77":{"start":{"line":263,"column":8},"end":{"line":265,"column":9}},"78":{"start":{"line":264,"column":12},"end":{"line":264,"column":56}},"79":{"start":{"line":267,"column":34},"end":{"line":269,"column":null}},"80":{"start":{"line":271,"column":8},"end":{"line":276,"column":9}},"81":{"start":{"line":272,"column":12},"end":{"line":274,"column":13}},"82":{"start":{"line":273,"column":16},"end":{"line":273,"column":60}},"83":{"start":{"line":275,"column":12},"end":{"line":275,"column":54}},"84":{"start":{"line":278,"column":8},"end":{"line":280,"column":9}},"85":{"start":{"line":279,"column":12},"end":{"line":279,"column":56}},"86":{"start":{"line":282,"column":8},"end":{"line":284,"column":9}},"87":{"start":{"line":283,"column":12},"end":{"line":283,"column":61}},"88":{"start":{"line":286,"column":8},"end":{"line":286,"column":56}},"89":{"start":{"line":287,"column":8},"end":{"line":287,"column":50}},"90":{"start":{"line":289,"column":8},"end":{"line":289,"column":39}},"91":{"start":{"line":298,"column":26},"end":{"line":301,"column":10}},"92":{"start":{"line":303,"column":8},"end":{"line":305,"column":9}},"93":{"start":{"line":304,"column":12},"end":{"line":304,"column":48}},"94":{"start":{"line":306,"column":8},"end":{"line":308,"column":9}},"95":{"start":{"line":307,"column":12},"end":{"line":307,"column":51}},"96":{"start":{"line":311,"column":8},"end":{"line":313,"column":9}},"97":{"start":{"line":312,"column":12},"end":{"line":312,"column":56}},"98":{"start":{"line":315,"column":8},"end":{"line":317,"column":9}},"99":{"start":{"line":316,"column":12},"end":{"line":316,"column":56}},"100":{"start":{"line":320,"column":8},"end":{"line":322,"column":10}},"101":{"start":{"line":321,"column":19},"end":{"line":321,"column":48}},"102":{"start":{"line":323,"column":8},"end":{"line":323,"column":50}},"103":{"start":{"line":325,"column":8},"end":{"line":325,"column":39}},"104":{"start":{"line":22,"column":0},"end":{"line":22,"column":13}},"105":{"start":{"line":50,"column":18},"end":{"line":79,"column":null}},"106":{"start":{"line":82,"column":17},"end":{"line":97,"column":null}},"107":{"start":{"line":100,"column":17},"end":{"line":115,"column":null}},"108":{"start":{"line":118,"column":17},"end":{"line":139,"column":null}},"109":{"start":{"line":142,"column":17},"end":{"line":160,"column":null}},"110":{"start":{"line":163,"column":17},"end":{"line":188,"column":null}},"111":{"start":{"line":191,"column":17},"end":{"line":221,"column":null}},"112":{"start":{"line":224,"column":17},"end":{"line":242,"column":null}},"113":{"start":{"line":245,"column":17},"end":{"line":290,"column":null}},"114":{"start":{"line":293,"column":17},"end":{"line":326,"column":null}}},"fnMap":{"0":{"name":"(anonymous_2)","decl":{"start":{"line":23,"column":12},"end":{"line":23,"column":18}},"loc":{"start":{"line":23,"column":33},"end":{"line":30,"column":5}}},"1":{"name":"(anonymous_3)","decl":{"start":{"line":32,"column":12},"end":{"line":32,"column":18}},"loc":{"start":{"line":32,"column":73},"end":{"line":34,"column":5}}},"2":{"name":"(anonymous_4)","decl":{"start":{"line":33,"column":47},"end":{"line":33,"column":48}},"loc":{"start":{"line":33,"column":54},"end":{"line":33,"column":71}}},"3":{"name":"(anonymous_5)","decl":{"start":{"line":36,"column":12},"end":{"line":36,"column":18}},"loc":{"start":{"line":36,"column":68},"end":{"line":38,"column":5}}},"4":{"name":"(anonymous_6)","decl":{"start":{"line":40,"column":12},"end":{"line":40,"column":18}},"loc":{"start":{"line":40,"column":69},"end":{"line":42,"column":5}}},"5":{"name":"(anonymous_7)","decl":{"start":{"line":44,"column":4},"end":{"line":44,"column":null}},"loc":{"start":{"line":46,"column":43},"end":{"line":47,"column":8}}},"6":{"name":"(anonymous_8)","decl":{"start":{"line":50,"column":12},"end":{"line":50,"column":17}},"loc":{"start":{"line":51,"column":37},"end":{"line":79,"column":5}}},"7":{"name":"(anonymous_9)","decl":{"start":{"line":82,"column":11},"end":{"line":82,"column":16}},"loc":{"start":{"line":82,"column":53},"end":{"line":97,"column":5}}},"8":{"name":"(anonymous_10)","decl":{"start":{"line":100,"column":11},"end":{"line":100,"column":16}},"loc":{"start":{"line":100,"column":50},"end":{"line":115,"column":5}}},"9":{"name":"(anonymous_11)","decl":{"start":{"line":118,"column":11},"end":{"line":118,"column":16}},"loc":{"start":{"line":118,"column":53},"end":{"line":139,"column":5}}},"10":{"name":"(anonymous_12)","decl":{"start":{"line":134,"column":12},"end":{"line":134,"column":13}},"loc":{"start":{"line":134,"column":19},"end":{"line":134,"column":36}}},"11":{"name":"(anonymous_13)","decl":{"start":{"line":142,"column":11},"end":{"line":142,"column":16}},"loc":{"start":{"line":142,"column":77},"end":{"line":160,"column":5}}},"12":{"name":"(anonymous_14)","decl":{"start":{"line":163,"column":11},"end":{"line":163,"column":16}},"loc":{"start":{"line":165,"column":35},"end":{"line":188,"column":5}}},"13":{"name":"(anonymous_15)","decl":{"start":{"line":191,"column":11},"end":{"line":191,"column":16}},"loc":{"start":{"line":193,"column":35},"end":{"line":221,"column":5}}},"14":{"name":"(anonymous_16)","decl":{"start":{"line":224,"column":11},"end":{"line":224,"column":16}},"loc":{"start":{"line":224,"column":59},"end":{"line":242,"column":5}}},"15":{"name":"(anonymous_17)","decl":{"start":{"line":238,"column":58},"end":{"line":238,"column":59}},"loc":{"start":{"line":239,"column":12},"end":{"line":239,"column":44}}},"16":{"name":"(anonymous_18)","decl":{"start":{"line":245,"column":11},"end":{"line":245,"column":16}},"loc":{"start":{"line":248,"column":33},"end":{"line":290,"column":5}}},"17":{"name":"(anonymous_19)","decl":{"start":{"line":293,"column":11},"end":{"line":293,"column":16}},"loc":{"start":{"line":296,"column":33},"end":{"line":326,"column":5}}},"18":{"name":"(anonymous_20)","decl":{"start":{"line":321,"column":12},"end":{"line":321,"column":13}},"loc":{"start":{"line":321,"column":19},"end":{"line":321,"column":48}}}},"branchMap":{"0":{"loc":{"start":{"line":41,"column":15},"end":{"line":41,"column":100}},"type":"binary-expr","locations":[{"start":{"line":41,"column":15},"end":{"line":41,"column":53}},{"start":{"line":41,"column":57},"end":{"line":41,"column":100}}]},"1":{"loc":{"start":{"line":65,"column":12},"end":{"line":70,"column":13}},"type":"if","locations":[{"start":{"line":65,"column":12},"end":{"line":70,"column":13}}]},"2":{"loc":{"start":{"line":66,"column":16},"end":{"line":68,"column":17}},"type":"if","locations":[{"start":{"line":66,"column":16},"end":{"line":68,"column":17}}]},"3":{"loc":{"start":{"line":71,"column":12},"end":{"line":73,"column":13}},"type":"if","locations":[{"start":{"line":71,"column":12},"end":{"line":73,"column":13}}]},"4":{"loc":{"start":{"line":85,"column":8},"end":{"line":87,"column":9}},"type":"if","locations":[{"start":{"line":85,"column":8},"end":{"line":87,"column":9}}]},"5":{"loc":{"start":{"line":110,"column":8},"end":{"line":112,"column":9}},"type":"if","locations":[{"start":{"line":110,"column":8},"end":{"line":112,"column":9}}]},"6":{"loc":{"start":{"line":110,"column":12},"end":{"line":110,"column":71}},"type":"binary-expr","locations":[{"start":{"line":110,"column":12},"end":{"line":110,"column":22}},{"start":{"line":110,"column":26},"end":{"line":110,"column":71}}]},"7":{"loc":{"start":{"line":123,"column":8},"end":{"line":125,"column":9}},"type":"if","locations":[{"start":{"line":123,"column":8},"end":{"line":125,"column":9}}]},"8":{"loc":{"start":{"line":127,"column":8},"end":{"line":130,"column":9}},"type":"if","locations":[{"start":{"line":127,"column":8},"end":{"line":130,"column":9}}]},"9":{"loc":{"start":{"line":152,"column":8},"end":{"line":154,"column":9}},"type":"if","locations":[{"start":{"line":152,"column":8},"end":{"line":154,"column":9}}]},"10":{"loc":{"start":{"line":152,"column":12},"end":{"line":152,"column":71}},"type":"binary-expr","locations":[{"start":{"line":152,"column":12},"end":{"line":152,"column":22}},{"start":{"line":152,"column":26},"end":{"line":152,"column":71}}]},"11":{"loc":{"start":{"line":182,"column":8},"end":{"line":184,"column":9}},"type":"if","locations":[{"start":{"line":182,"column":8},"end":{"line":184,"column":9}}]},"12":{"loc":{"start":{"line":182,"column":12},"end":{"line":182,"column":31}},"type":"binary-expr","locations":[{"start":{"line":182,"column":12},"end":{"line":182,"column":16}},{"start":{"line":182,"column":20},"end":{"line":182,"column":31}}]},"13":{"loc":{"start":{"line":215,"column":8},"end":{"line":217,"column":9}},"type":"if","locations":[{"start":{"line":215,"column":8},"end":{"line":217,"column":9}}]},"14":{"loc":{"start":{"line":215,"column":12},"end":{"line":215,"column":31}},"type":"binary-expr","locations":[{"start":{"line":215,"column":12},"end":{"line":215,"column":16}},{"start":{"line":215,"column":20},"end":{"line":215,"column":31}}]},"15":{"loc":{"start":{"line":234,"column":8},"end":{"line":236,"column":9}},"type":"if","locations":[{"start":{"line":234,"column":8},"end":{"line":236,"column":9}}]},"16":{"loc":{"start":{"line":234,"column":12},"end":{"line":234,"column":71}},"type":"binary-expr","locations":[{"start":{"line":234,"column":12},"end":{"line":234,"column":22}},{"start":{"line":234,"column":26},"end":{"line":234,"column":71}}]},"17":{"loc":{"start":{"line":255,"column":8},"end":{"line":257,"column":9}},"type":"if","locations":[{"start":{"line":255,"column":8},"end":{"line":257,"column":9}}]},"18":{"loc":{"start":{"line":258,"column":8},"end":{"line":260,"column":9}},"type":"if","locations":[{"start":{"line":258,"column":8},"end":{"line":260,"column":9}}]},"19":{"loc":{"start":{"line":263,"column":8},"end":{"line":265,"column":9}},"type":"if","locations":[{"start":{"line":263,"column":8},"end":{"line":265,"column":9}}]},"20":{"loc":{"start":{"line":271,"column":8},"end":{"line":276,"column":9}},"type":"if","locations":[{"start":{"line":271,"column":8},"end":{"line":276,"column":9}}]},"21":{"loc":{"start":{"line":272,"column":12},"end":{"line":274,"column":13}},"type":"if","locations":[{"start":{"line":272,"column":12},"end":{"line":274,"column":13}}]},"22":{"loc":{"start":{"line":278,"column":8},"end":{"line":280,"column":9}},"type":"if","locations":[{"start":{"line":278,"column":8},"end":{"line":280,"column":9}}]},"23":{"loc":{"start":{"line":282,"column":8},"end":{"line":284,"column":9}},"type":"if","locations":[{"start":{"line":282,"column":8},"end":{"line":284,"column":9}}]},"24":{"loc":{"start":{"line":303,"column":8},"end":{"line":305,"column":9}},"type":"if","locations":[{"start":{"line":303,"column":8},"end":{"line":305,"column":9}}]},"25":{"loc":{"start":{"line":306,"column":8},"end":{"line":308,"column":9}},"type":"if","locations":[{"start":{"line":306,"column":8},"end":{"line":308,"column":9}}]},"26":{"loc":{"start":{"line":311,"column":8},"end":{"line":313,"column":9}},"type":"if","locations":[{"start":{"line":311,"column":8},"end":{"line":313,"column":9}}]},"27":{"loc":{"start":{"line":315,"column":8},"end":{"line":317,"column":9}},"type":"if","locations":[{"start":{"line":315,"column":8},"end":{"line":317,"column":9}}]}},"s":{"0":1,"1":1,"2":1,"3":1,"4":1,"5":1,"6":1,"7":1,"8":1,"9":16,"10":1,"11":6,"12":2,"13":11,"14":9,"15":1,"16":1,"17":3,"18":3,"19":3,"20":3,"21":1,"22":1,"23":0,"24":2,"25":1,"26":1,"27":1,"28":3,"29":3,"30":2,"31":1,"32":1,"33":1,"34":4,"35":4,"36":2,"37":2,"38":3,"39":3,"40":1,"41":2,"42":1,"43":1,"44":1,"45":1,"46":1,"47":1,"48":4,"49":4,"50":3,"51":1,"52":1,"53":1,"54":0,"55":0,"56":0,"57":0,"58":0,"59":0,"60":0,"61":0,"62":0,"63":0,"64":0,"65":0,"66":4,"67":4,"68":3,"69":1,"70":0,"71":1,"72":0,"73":0,"74":0,"75":0,"76":0,"77":0,"78":0,"79":0,"80":0,"81":0,"82":0,"83":0,"84":0,"85":0,"86":0,"87":0,"88":0,"89":0,"90":0,"91":0,"92":0,"93":0,"94":0,"95":0,"96":0,"97":0,"98":0,"99":0,"100":0,"101":0,"102":0,"103":0,"104":1,"105":1,"106":1,"107":1,"108":1,"109":1,"110":1,"111":1,"112":1,"113":1,"114":1},"f":{"0":1,"1":6,"2":2,"3":11,"4":9,"5":1,"6":3,"7":3,"8":4,"9":3,"10":1,"11":4,"12":0,"13":0,"14":4,"15":0,"16":0,"17":0,"18":0},"b":{"0":[9,6],"1":[1],"2":[1],"3":[1],"4":[2],"5":[2],"6":[4,3],"7":[1],"8":[1],"9":[3],"10":[4,3],"11":[0],"12":[0,0],"13":[0],"14":[0,0],"15":[3],"16":[4,3],"17":[0],"18":[0],"19":[0],"20":[0],"21":[0],"22":[0],"23":[0],"24":[0],"25":[0],"26":[0],"27":[0]}}
,"C:\\Projects\\NodeNotes\\source\\api\\v1\\services\\users\\UsersService.ts": {"path":"C:\\Projects\\NodeNotes\\source\\api\\v1\\services\\users\\UsersService.ts","statementMap":{"0":{"start":{"line":3,"column":0},"end":{"line":3,"column":73}},"1":{"start":{"line":4,"column":0},"end":{"line":4,"column":27}},"2":{"start":{"line":6,"column":0},"end":{"line":6,"column":80}},"3":{"start":{"line":15,"column":8},"end":{"line":20,"column":9}},"4":{"start":{"line":16,"column":12},"end":{"line":16,"column":null}},"5":{"start":{"line":17,"column":12},"end":{"line":17,"column":null}},"6":{"start":{"line":19,"column":12},"end":{"line":19,"column":null}},"7":{"start":{"line":23,"column":24},"end":{"line":23,"column":56}},"8":{"start":{"line":26,"column":35},"end":{"line":28,"column":10}},"9":{"start":{"line":29,"column":35},"end":{"line":31,"column":10}},"10":{"start":{"line":33,"column":8},"end":{"line":33,"column":null}},"11":{"start":{"line":39,"column":8},"end":{"line":41,"column":9}},"12":{"start":{"line":40,"column":12},"end":{"line":40,"column":null}},"13":{"start":{"line":43,"column":48},"end":{"line":45,"column":null}},"14":{"start":{"line":46,"column":8},"end":{"line":46,"column":null}},"15":{"start":{"line":48,"column":28},"end":{"line":48,"column":72}},"16":{"start":{"line":49,"column":8},"end":{"line":49,"column":null}},"17":{"start":{"line":56,"column":63},"end":{"line":56,"column":65}},"18":{"start":{"line":57,"column":8},"end":{"line":57,"column":null}},"19":{"start":{"line":59,"column":21},"end":{"line":59,"column":63}},"20":{"start":{"line":60,"column":8},"end":{"line":60,"column":null}},"21":{"start":{"line":60,"column":19},"end":{"line":60,"column":null}},"22":{"start":{"line":62,"column":8},"end":{"line":62,"column":null}},"23":{"start":{"line":69,"column":22},"end":{"line":69,"column":77}},"24":{"start":{"line":71,"column":8},"end":{"line":73,"column":9}},"25":{"start":{"line":72,"column":12},"end":{"line":72,"column":null}},"26":{"start":{"line":75,"column":28},"end":{"line":75,"column":74}},"27":{"start":{"line":76,"column":8},"end":{"line":76,"column":null}},"28":{"start":{"line":8,"column":0},"end":{"line":8,"column":13}},"29":{"start":{"line":37,"column":17},"end":{"line":51,"column":null}},"30":{"start":{"line":54,"column":17},"end":{"line":64,"column":null}},"31":{"start":{"line":67,"column":17},"end":{"line":78,"column":null}}},"fnMap":{"0":{"name":"(anonymous_3)","decl":{"start":{"line":14,"column":11},"end":{"line":14,"column":17}},"loc":{"start":{"line":14,"column":46},"end":{"line":21,"column":5}}},"1":{"name":"(anonymous_4)","decl":{"start":{"line":23,"column":4},"end":{"line":23,"column":24}},"loc":{"start":{"line":23,"column":56},"end":{"line":23,"column":60}}},"2":{"name":"(anonymous_5)","decl":{"start":{"line":25,"column":12},"end":{"line":25,"column":17}},"loc":{"start":{"line":25,"column":58},"end":{"line":34,"column":5}}},"3":{"name":"(anonymous_6)","decl":{"start":{"line":37,"column":11},"end":{"line":37,"column":16}},"loc":{"start":{"line":37,"column":53},"end":{"line":51,"column":5}}},"4":{"name":"(anonymous_7)","decl":{"start":{"line":54,"column":11},"end":{"line":54,"column":16}},"loc":{"start":{"line":54,"column":108},"end":{"line":64,"column":5}}},"5":{"name":"(anonymous_8)","decl":{"start":{"line":67,"column":11},"end":{"line":67,"column":16}},"loc":{"start":{"line":67,"column":72},"end":{"line":78,"column":5}}}},"branchMap":{"0":{"loc":{"start":{"line":33,"column":15},"end":{"line":33,"column":73}},"type":"binary-expr","locations":[{"start":{"line":33,"column":15},"end":{"line":33,"column":42}},{"start":{"line":33,"column":46},"end":{"line":33,"column":73}}]},"1":{"loc":{"start":{"line":39,"column":8},"end":{"line":41,"column":9}},"type":"if","locations":[{"start":{"line":39,"column":8},"end":{"line":41,"column":9}}]},"2":{"loc":{"start":{"line":60,"column":8},"end":{"line":60,"column":null}},"type":"if","locations":[{"start":{"line":60,"column":8},"end":{"line":60,"column":null}}]},"3":{"loc":{"start":{"line":71,"column":8},"end":{"line":73,"column":9}},"type":"if","locations":[{"start":{"line":71,"column":8},"end":{"line":73,"column":9}}]},"4":{"loc":{"start":{"line":54,"column":70},"end":{"line":54,"column":76}},"type":"cond-expr","locations":[{"start":{"line":54,"column":74},"end":{"line":54,"column":76}},{"start":{"line":54,"column":74},"end":{"line":54,"column":76}}]},"5":{"loc":{"start":{"line":54,"column":70},"end":{"line":54,"column":74}},"type":"binary-expr","locations":[{"start":{"line":54,"column":70},"end":{"line":54,"column":76}},{"start":{"line":54,"column":70},"end":{"line":54,"column":74}}]}},"s":{"0":1,"1":1,"2":1,"3":0,"4":0,"5":0,"6":0,"7":1,"8":2,"9":2,"10":2,"11":2,"12":1,"13":1,"14":1,"15":1,"16":1,"17":2,"18":2,"19":2,"20":2,"21":1,"22":1,"23":2,"24":2,"25":1,"26":1,"27":1,"28":1,"29":1,"30":1,"31":1},"f":{"0":0,"1":1,"2":2,"3":2,"4":2,"5":2},"b":{"0":[2,1],"1":[1],"2":[1],"3":[1],"4":[0,1],"5":[1,0]}}
,"C:\\Projects\\NodeNotes\\source\\api\\v1\\shared\\config\\ServerConfiguration.ts": {"path":"C:\\Projects\\NodeNotes\\source\\api\\v1\\shared\\config\\ServerConfiguration.ts","statementMap":{"0":{"start":{"line":2,"column":0},"end":{"line":2,"column":null}},"1":{"start":{"line":4,"column":13},"end":{"line":25,"column":null}},"2":{"start":{"line":14,"column":8},"end":{"line":14,"column":null}},"3":{"start":{"line":23,"column":8},"end":{"line":23,"column":null}}},"fnMap":{"0":{"name":"(anonymous_0)","decl":{"start":{"line":13,"column":4},"end":{"line":13,"column":8}},"loc":{"start":{"line":13,"column":32},"end":{"line":15,"column":5}}},"1":{"name":"(anonymous_1)","decl":{"start":{"line":22,"column":9},"end":{"line":22,"column":null}},"loc":{"start":{"line":22,"column":9},"end":{"line":24,"column":5}}}},"branchMap":{"0":{"loc":{"start":{"line":5,"column":22},"end":{"line":5,"column":48}},"type":"binary-expr","locations":[{"start":{"line":5,"column":22},"end":{"line":5,"column":38}},{"start":{"line":5,"column":42},"end":{"line":5,"column":48}}]},"1":{"loc":{"start":{"line":7,"column":18},"end":{"line":7,"column":58}},"type":"binary-expr","locations":[{"start":{"line":7,"column":18},"end":{"line":7,"column":43}},{"start":{"line":7,"column":47},"end":{"line":7,"column":58}}]},"2":{"loc":{"start":{"line":8,"column":27},"end":{"line":8,"column":62}},"type":"binary-expr","locations":[{"start":{"line":8,"column":27},"end":{"line":8,"column":52}},{"start":{"line":8,"column":56},"end":{"line":8,"column":62}}]},"3":{"loc":{"start":{"line":9,"column":18},"end":{"line":9,"column":57}},"type":"binary-expr","locations":[{"start":{"line":9,"column":18},"end":{"line":9,"column":43}},{"start":{"line":9,"column":47},"end":{"line":9,"column":57}}]},"4":{"loc":{"start":{"line":10,"column":18},"end":{"line":10,"column":57}},"type":"binary-expr","locations":[{"start":{"line":10,"column":18},"end":{"line":10,"column":43}},{"start":{"line":10,"column":47},"end":{"line":10,"column":57}}]},"5":{"loc":{"start":{"line":11,"column":22},"end":{"line":11,"column":65}},"type":"binary-expr","locations":[{"start":{"line":11,"column":22},"end":{"line":11,"column":51}},{"start":{"line":11,"column":55},"end":{"line":11,"column":65}}]},"6":{"loc":{"start":{"line":17,"column":27},"end":{"line":17,"column":92}},"type":"binary-expr","locations":[{"start":{"line":17,"column":27},"end":{"line":17,"column":62}},{"start":{"line":17,"column":66},"end":{"line":17,"column":92}}]},"7":{"loc":{"start":{"line":19,"column":15},"end":{"line":19,"column":49}},"type":"binary-expr","locations":[{"start":{"line":19,"column":15},"end":{"line":19,"column":37}},{"start":{"line":19,"column":41},"end":{"line":19,"column":49}}]},"8":{"loc":{"start":{"line":20,"column":19},"end":{"line":20,"column":54}},"type":"binary-expr","locations":[{"start":{"line":20,"column":19},"end":{"line":20,"column":45}},{"start":{"line":20,"column":49},"end":{"line":20,"column":54}}]}},"s":{"0":2,"1":2,"2":0,"3":0},"f":{"0":0,"1":0},"b":{"0":[2,0],"1":[2,0],"2":[2,0],"3":[2,0],"4":[2,0],"5":[2,0],"6":[2,0],"7":[2,2],"8":[2,2]}}
,"C:\\Projects\\NodeNotes\\source\\api\\v1\\shared\\decorators\\WithExceptionCatch.ts": {"path":"C:\\Projects\\NodeNotes\\source\\api\\v1\\shared\\decorators\\WithExceptionCatch.ts","statementMap":{"0":{"start":{"line":1,"column":34},"end":{"line":17,"column":1}},"1":{"start":{"line":2,"column":27},"end":{"line":2,"column":43}},"2":{"start":{"line":4,"column":4},"end":{"line":14,"column":null}},"3":{"start":{"line":5,"column":8},"end":{"line":13,"column":9}},"4":{"start":{"line":6,"column":12},"end":{"line":6,"column":null}},"5":{"start":{"line":8,"column":12},"end":{"line":8,"column":null}},"6":{"start":{"line":9,"column":12},"end":{"line":12,"column":null}},"7":{"start":{"line":16,"column":4},"end":{"line":16,"column":null}},"8":{"start":{"line":1,"column":13},"end":{"line":1,"column":34}}},"fnMap":{"0":{"name":"(anonymous_0)","decl":{"start":{"line":1,"column":34},"end":{"line":1,"column":35}},"loc":{"start":{"line":1,"column":97},"end":{"line":17,"column":1}}},"1":{"name":"(anonymous_1)","decl":{"start":{"line":4,"column":23},"end":{"line":4,"column":28}},"loc":{"start":{"line":4,"column":53},"end":{"line":14,"column":5}}}},"branchMap":{},"s":{"0":4,"1":18,"2":18,"3":36,"4":36,"5":2,"6":2,"7":18,"8":4},"f":{"0":18,"1":36},"b":{}}
,"C:\\Projects\\NodeNotes\\source\\api\\v1\\shared\\exceptions\\AuthExceptions.ts": {"path":"C:\\Projects\\NodeNotes\\source\\api\\v1\\shared\\exceptions\\AuthExceptions.ts","statementMap":{"0":{"start":{"line":3,"column":13},"end":{"line":16,"column":null}}},"fnMap":{},"branchMap":{},"s":{"0":1},"f":{},"b":{}}
,"C:\\Projects\\NodeNotes\\source\\api\\v1\\shared\\exceptions\\NoteExceptions.ts": {"path":"C:\\Projects\\NodeNotes\\source\\api\\v1\\shared\\exceptions\\NoteExceptions.ts","statementMap":{"0":{"start":{"line":3,"column":13},"end":{"line":24,"column":null}}},"fnMap":{},"branchMap":{},"s":{"0":1},"f":{},"b":{}}
,"C:\\Projects\\NodeNotes\\source\\api\\v1\\shared\\exceptions\\UserExceptions.ts": {"path":"C:\\Projects\\NodeNotes\\source\\api\\v1\\shared\\exceptions\\UserExceptions.ts","statementMap":{"0":{"start":{"line":3,"column":13},"end":{"line":24,"column":47}}},"fnMap":{},"branchMap":{},"s":{"0":2},"f":{},"b":{}}
,"C:\\Projects\\NodeNotes\\source\\api\\v1\\shared\\utils\\common\\TokenExtractor.ts": {"path":"C:\\Projects\\NodeNotes\\source\\api\\v1\\shared\\utils\\common\\TokenExtractor.ts","statementMap":{"0":{"start":{"line":3,"column":28},"end":{"line":5,"column":1}},"1":{"start":{"line":4,"column":4},"end":{"line":4,"column":null}},"2":{"start":{"line":3,"column":13},"end":{"line":3,"column":28}}},"fnMap":{"0":{"name":"(anonymous_0)","decl":{"start":{"line":3,"column":28},"end":{"line":3,"column":29}},"loc":{"start":{"line":3,"column":64},"end":{"line":5,"column":1}}}},"branchMap":{},"s":{"0":1,"1":3,"2":1},"f":{"0":3},"b":{}}
,"C:\\Projects\\NodeNotes\\source\\api\\v1\\shared\\utils\\common\\TransformNoteCollaborators.ts": {"path":"C:\\Projects\\NodeNotes\\source\\api\\v1\\shared\\utils\\common\\TransformNoteCollaborators.ts","statementMap":{"0":{"start":{"line":3,"column":42},"end":{"line":8,"column":1}},"1":{"start":{"line":4,"column":4},"end":{"line":7,"column":null}},"2":{"start":{"line":6,"column":51},"end":{"line":6,"column":58}},"3":{"start":{"line":3,"column":13},"end":{"line":3,"column":42}}},"fnMap":{"0":{"name":"(anonymous_0)","decl":{"start":{"line":3,"column":42},"end":{"line":3,"column":43}},"loc":{"start":{"line":3,"column":74},"end":{"line":8,"column":1}}},"1":{"name":"(anonymous_1)","decl":{"start":{"line":6,"column":46},"end":{"line":6,"column":47}},"loc":{"start":{"line":6,"column":51},"end":{"line":6,"column":58}}}},"branchMap":{},"s":{"0":2,"1":5,"2":5,"3":2},"f":{"0":5,"1":5},"b":{}}
,"C:\\Projects\\NodeNotes\\source\\api\\v1\\shared\\utils\\guards\\ExceptionGuard.ts": {"path":"C:\\Projects\\NodeNotes\\source\\api\\v1\\shared\\utils\\guards\\ExceptionGuard.ts","statementMap":{"0":{"start":{"line":7,"column":27},"end":{"line":9,"column":1}},"1":{"start":{"line":8,"column":4},"end":{"line":8,"column":null}},"2":{"start":{"line":7,"column":13},"end":{"line":7,"column":27}}},"fnMap":{"0":{"name":"(anonymous_0)","decl":{"start":{"line":7,"column":27},"end":{"line":7,"column":28}},"loc":{"start":{"line":7,"column":68},"end":{"line":9,"column":1}}}},"branchMap":{"0":{"loc":{"start":{"line":8,"column":11},"end":{"line":8,"column":73}},"type":"binary-expr","locations":[{"start":{"line":8,"column":11},"end":{"line":8,"column":17}},{"start":{"line":8,"column":21},"end":{"line":8,"column":73}}]}},"s":{"0":2,"1":13,"2":2},"f":{"0":13},"b":{"0":[13,13]}}
}
