TN:
SF:source\api\v1\auth\jwt\TokenGenerator.ts
FN:4,(anonymous_6)
FNF:1
FNH:1
FNDA:4,(anonymous_6)
DA:1,2
DA:2,2
DA:4,2
DA:5,4
LF:4
LH:4
BRF:0
BRH:0
end_of_record
TN:
SF:source\api\v1\services\auth\AuthService.ts
FN:13,(anonymous_3)
FN:19,(anonymous_4)
FN:46,(anonymous_5)
FN:58,(anonymous_6)
FNF:4
FNH:3
FNDA:1,(anonymous_3)
FNDA:3,(anonymous_4)
FNDA:0,(anonymous_5)
FNDA:4,(anonymous_6)
DA:1,1
DA:2,1
DA:4,1
DA:5,1
DA:6,1
DA:8,1
DA:9,1
DA:12,1
DA:14,1
DA:15,1
DA:19,1
DA:21,3
DA:22,3
DA:23,1
DA:24,1
DA:26,0
DA:29,2
DA:30,2
DA:31,1
DA:34,1
DA:35,1
DA:38,1
DA:46,1
DA:48,0
DA:49,0
DA:50,0
DA:53,0
DA:58,1
DA:59,4
DA:60,4
DA:61,1
DA:62,1
DA:64,0
DA:67,3
DA:68,3
DA:69,1
DA:71,2
DA:72,1
DA:75,1
DA:76,1
DA:81,1
DA:83,1
LF:42
LH:36
BRDA:22,0,0,1
BRDA:23,1,0,1
BRDA:30,2,0,1
BRDA:49,3,0,0
BRDA:49,4,0,0
BRDA:49,4,1,0
BRDA:60,5,0,1
BRDA:61,6,0,1
BRDA:68,7,0,1
BRDA:71,8,0,1
BRF:10
BRH:7
end_of_record
TN:
SF:source\api\v1\services\notes\NotesService.ts
FN:23,(anonymous_2)
FN:32,(anonymous_3)
FN:33,(anonymous_4)
FN:36,(anonymous_5)
FN:40,(anonymous_6)
FN:44,(anonymous_7)
FN:50,(anonymous_8)
FN:82,(anonymous_9)
FN:100,(anonymous_10)
FN:118,(anonymous_11)
FN:134,(anonymous_12)
FN:142,(anonymous_13)
FN:163,(anonymous_14)
FN:191,(anonymous_15)
FN:224,(anonymous_16)
FN:238,(anonymous_17)
FN:245,(anonymous_18)
FN:293,(anonymous_19)
FN:321,(anonymous_20)
FNF:19
FNH:13
FNDA:1,(anonymous_2)
FNDA:6,(anonymous_3)
FNDA:2,(anonymous_4)
FNDA:11,(anonymous_5)
FNDA:9,(anonymous_6)
FNDA:1,(anonymous_7)
FNDA:3,(anonymous_8)
FNDA:3,(anonymous_9)
FNDA:4,(anonymous_10)
FNDA:3,(anonymous_11)
FNDA:1,(anonymous_12)
FNDA:4,(anonymous_13)
FNDA:0,(anonymous_14)
FNDA:0,(anonymous_15)
FNDA:4,(anonymous_16)
FNDA:0,(anonymous_17)
FNDA:0,(anonymous_18)
FNDA:0,(anonymous_19)
FNDA:0,(anonymous_20)
DA:14,1
DA:16,1
DA:17,1
DA:18,1
DA:19,1
DA:22,1
DA:24,1
DA:25,1
DA:26,1
DA:27,16
DA:29,1
DA:33,6
DA:37,11
DA:41,9
DA:45,1
DA:46,1
DA:50,1
DA:57,3
DA:59,3
DA:61,3
DA:65,3
DA:66,1
DA:67,1
DA:69,0
DA:71,2
DA:72,1
DA:75,1
DA:78,1
DA:82,1
DA:84,3
DA:85,3
DA:86,2
DA:89,1
DA:90,1
DA:96,1
DA:100,1
DA:101,4
DA:110,4
DA:111,2
DA:114,2
DA:118,1
DA:119,3
DA:123,3
DA:124,1
DA:127,2
DA:128,1
DA:129,1
DA:133,1
DA:134,1
DA:136,1
DA:138,1
DA:142,1
DA:143,4
DA:152,4
DA:153,3
DA:156,1
DA:157,1
DA:159,1
DA:163,1
DA:167,0
DA:181,0
DA:182,0
DA:183,0
DA:186,0
DA:187,0
DA:191,1
DA:195,0
DA:214,0
DA:215,0
DA:216,0
DA:219,0
DA:220,0
DA:224,1
DA:225,4
DA:234,4
DA:235,3
DA:238,1
DA:239,0
DA:241,1
DA:245,1
DA:250,0
DA:255,0
DA:256,0
DA:258,0
DA:259,0
DA:263,0
DA:264,0
DA:267,0
DA:271,0
DA:272,0
DA:273,0
DA:275,0
DA:278,0
DA:279,0
DA:282,0
DA:283,0
DA:286,0
DA:287,0
DA:289,0
DA:293,1
DA:298,0
DA:303,0
DA:304,0
DA:306,0
DA:307,0
DA:311,0
DA:312,0
DA:315,0
DA:316,0
DA:320,0
DA:321,0
DA:323,0
DA:325,0
LF:113
LH:67
BRDA:41,0,0,9
BRDA:41,0,1,6
BRDA:65,1,0,1
BRDA:66,2,0,1
BRDA:71,3,0,1
BRDA:85,4,0,2
BRDA:110,5,0,2
BRDA:110,6,0,4
BRDA:110,6,1,3
BRDA:123,7,0,1
BRDA:127,8,0,1
BRDA:152,9,0,3
BRDA:152,10,0,4
BRDA:152,10,1,3
BRDA:182,11,0,0
BRDA:182,12,0,0
BRDA:182,12,1,0
BRDA:215,13,0,0
BRDA:215,14,0,0
BRDA:215,14,1,0
BRDA:234,15,0,3
BRDA:234,16,0,4
BRDA:234,16,1,3
BRDA:255,17,0,0
BRDA:258,18,0,0
BRDA:263,19,0,0
BRDA:271,20,0,0
BRDA:272,21,0,0
BRDA:278,22,0,0
BRDA:282,23,0,0
BRDA:303,24,0,0
BRDA:306,25,0,0
BRDA:311,26,0,0
BRDA:315,27,0,0
BRF:34
BRH:17
end_of_record
TN:
SF:source\api\v1\services\users\UsersService.ts
FN:14,(anonymous_3)
FN:23,(anonymous_4)
FN:25,(anonymous_5)
FN:37,(anonymous_6)
FN:54,(anonymous_7)
FN:67,(anonymous_8)
FNF:6
FNH:5
FNDA:0,(anonymous_3)
FNDA:1,(anonymous_4)
FNDA:2,(anonymous_5)
FNDA:2,(anonymous_6)
FNDA:2,(anonymous_7)
FNDA:2,(anonymous_8)
DA:3,1
DA:4,1
DA:6,1
DA:8,1
DA:15,0
DA:16,0
DA:17,0
DA:19,0
DA:23,1
DA:26,2
DA:29,2
DA:33,2
DA:37,1
DA:39,2
DA:40,1
DA:43,1
DA:46,1
DA:48,1
DA:49,1
DA:54,1
DA:56,2
DA:57,2
DA:59,2
DA:60,2
DA:62,1
DA:67,1
DA:69,2
DA:71,2
DA:72,1
DA:75,1
DA:76,1
LF:31
LH:27
BRDA:33,0,0,2
BRDA:33,0,1,1
BRDA:39,1,0,1
BRDA:60,2,0,1
BRDA:71,3,0,1
BRDA:54,4,0,0
BRDA:54,4,1,1
BRDA:54,5,0,1
BRDA:54,5,1,0
BRF:9
BRH:7
end_of_record
TN:
SF:source\api\v1\shared\config\ServerConfiguration.ts
FN:13,(anonymous_0)
FN:22,(anonymous_1)
FNF:2
FNH:0
FNDA:0,(anonymous_0)
FNDA:0,(anonymous_1)
DA:2,2
DA:4,2
DA:14,0
DA:23,0
LF:4
LH:2
BRDA:5,0,0,2
BRDA:5,0,1,0
BRDA:7,1,0,2
BRDA:7,1,1,0
BRDA:8,2,0,2
BRDA:8,2,1,0
BRDA:9,3,0,2
BRDA:9,3,1,0
BRDA:10,4,0,2
BRDA:10,4,1,0
BRDA:11,5,0,2
BRDA:11,5,1,0
BRDA:17,6,0,2
BRDA:17,6,1,0
BRDA:19,7,0,2
BRDA:19,7,1,2
BRDA:20,8,0,2
BRDA:20,8,1,2
BRF:18
BRH:11
end_of_record
TN:
SF:source\api\v1\shared\decorators\WithExceptionCatch.ts
FN:1,(anonymous_0)
FN:4,(anonymous_1)
FNF:2
FNH:2
FNDA:18,(anonymous_0)
FNDA:36,(anonymous_1)
DA:1,4
DA:2,18
DA:4,18
DA:5,36
DA:6,36
DA:8,2
DA:9,2
DA:16,18
LF:8
LH:8
BRF:0
BRH:0
end_of_record
TN:
SF:source\api\v1\shared\exceptions\AuthExceptions.ts
FNF:0
FNH:0
DA:3,1
LF:1
LH:1
BRF:0
BRH:0
end_of_record
TN:
SF:source\api\v1\shared\exceptions\NoteExceptions.ts
FNF:0
FNH:0
DA:3,1
LF:1
LH:1
BRF:0
BRH:0
end_of_record
TN:
SF:source\api\v1\shared\exceptions\UserExceptions.ts
FNF:0
FNH:0
DA:3,2
LF:1
LH:1
BRF:0
BRH:0
end_of_record
TN:
SF:source\api\v1\shared\utils\common\TokenExtractor.ts
FN:3,(anonymous_0)
FNF:1
FNH:1
FNDA:3,(anonymous_0)
DA:3,1
DA:4,3
LF:2
LH:2
BRF:0
BRH:0
end_of_record
TN:
SF:source\api\v1\shared\utils\common\TransformNoteCollaborators.ts
FN:3,(anonymous_0)
FN:6,(anonymous_1)
FNF:2
FNH:2
FNDA:5,(anonymous_0)
FNDA:5,(anonymous_1)
DA:3,2
DA:4,5
DA:6,5
LF:3
LH:3
BRF:0
BRH:0
end_of_record
TN:
SF:source\api\v1\shared\utils\guards\ExceptionGuard.ts
FN:7,(anonymous_0)
FNF:1
FNH:1
FNDA:13,(anonymous_0)
DA:7,2
DA:8,13
LF:2
LH:2
BRDA:8,0,0,13
BRDA:8,0,1,13
BRF:2
BRH:2
end_of_record
